<?xml version="1.0" encoding="UTF-8"?>
<!-- Generated by org.testng.reporters.JUnitReportReporter -->
<testsuite hostname="TMZ-DPC-2289" failures="0" tests="1" name="com.runner.SportsTestNG" time="29.045" errors="0" timestamp="2023-11-21T11:31:28 IST" skipped="0">
  <testcase classname="com.runner.SportsTestNG" name="runScenario" time="29.045"/>
</testsuite> <!-- com.runner.SportsTestNG -->
