<?xml version="1.0" encoding="UTF-8"?>
<!-- Generated by org.testng.reporters.JUnitReportReporter -->
<testsuite hostname="TMZ-DPC-2289" failures="0" tests="1" name="com.runner.MyAccountTestNG" time="55.152" errors="0" timestamp="2023-11-21T11:36:10 IST" skipped="0">
  <testcase classname="com.runner.MyAccountTestNG" name="runScenario" time="55.152"/>
</testsuite> <!-- com.runner.MyAccountTestNG -->
