<?xml version="1.0" encoding="UTF-8"?>
<!-- Generated by org.testng.reporters.JUnitReportReporter -->
<testsuite hostname="TMZ-DPC-2289" failures="0" tests="3" name="com.runner.CreateAccountTestNG" time="154.371" errors="0" timestamp="2023-11-21T14:52:10 IST" skipped="0">
  <testcase classname="com.runner.CreateAccountTestNG" name="runScenario" time="36.960"/>
  <testcase classname="com.runner.CreateAccountTestNG" name="runScenario" time="75.788"/>
  <testcase classname="com.runner.CreateAccountTestNG" name="runScenario" time="41.623"/>
</testsuite> <!-- com.runner.CreateAccountTestNG -->
